<?xml version="1.0" encoding="utf-8"?><testsuites><testsuite name="pytest" errors="0" failures="1" skipped="0" tests="14" time="0.259" timestamp="2026-05-28T10:53:06.870293-05:00" hostname="salazar"><testcase classname=".planning.fix-all-audit-issues.test_engine" name="test_cp_01" time="0.002" /><testcase classname=".planning.fix-all-audit-issues.test_engine" name="test_cp_02" time="0.001" /><testcase classname=".planning.fix-all-audit-issues.test_engine" name="test_cp_03" time="0.001" /><testcase classname=".planning.fix-all-audit-issues.test_engine" name="test_cp_04" time="0.001" /><testcase classname=".planning.fix-all-audit-issues.test_engine" name="test_cp_05" time="0.001" /><testcase classname=".planning.fix-all-audit-issues.test_engine" name="test_cp_06" time="0.001" /><testcase classname=".planning.fix-all-audit-issues.test_engine" name="test_cp_07" time="0.002" /><testcase classname=".planning.fix-all-audit-issues.test_engine" name="test_cp_08" time="0.001" /><testcase classname=".planning.fix-all-audit-issues.test_engine" name="test_cp_09" time="0.002" /><testcase classname=".planning.fix-all-audit-issues.test_engine" name="test_cp_10" time="0.001" /><testcase classname=".planning.fix-all-audit-issues.test_engine" name="test_cp_11" time="0.001" /><testcase classname=".planning.fix-all-audit-issues.test_engine" name="test_cp_12" time="0.001" /><testcase classname=".planning.fix-all-audit-issues.test_engine" name="test_cp_13" time="0.003"><failure message="AssertionError: Regex pattern did not match.&#10; Regex: 'El valor de la hora \\(-5000\\) debe ser positivo\\.'&#10; Input: 'El valor de la hora (-5,000) debe ser positivo.'">.planning/fix-all-audit-issues/test_engine.py:122: in test_cp_13
    liquidar_nomina(1_500_000, 0, 0, -5_000)
src/engine.py:123: in liquidar_nomina
    raise ValueError(
E   ValueError: El valor de la hora (-5,000) debe ser positivo.

During handling of the above exception, another exception occurred:
.planning/fix-all-audit-issues/test_engine.py:121: in test_cp_13
    with pytest.raises(ValueError, match=r"El valor de la hora \(-5000\) debe ser positivo\."):
E   AssertionError: Regex pattern did not match.
E    Regex: 'El valor de la hora \\(-5000\\) debe ser positivo\\.'
E    Input: 'El valor de la hora (-5,000) debe ser positivo.'</failure></testcase><testcase classname=".planning.fix-all-audit-issues.test_engine" name="test_cp_14" time="0.001" /></testsuite></testsuites>