<?xml version="1.0" encoding="utf-8"?><testsuites><testsuite name="pytest" errors="0" failures="0" skipped="0" tests="11" time="0.179" timestamp="2026-05-27T21:35:05.067483-05:00" hostname="salazar"><testcase classname=".planning.fix-all-audit-issues.test_engine" name="test_R1_Nominal" time="0.002" /><testcase classname=".planning.fix-all-audit-issues.test_engine" name="test_R1_Cero" time="0.001" /><testcase classname=".planning.fix-all-audit-issues.test_engine" name="test_R2_Nominal" time="0.001" /><testcase classname=".planning.fix-all-audit-issues.test_engine" name="test_R2_Cero" time="0.001" /><testcase classname=".planning.fix-all-audit-issues.test_engine" name="test_R3_Nominal" time="0.001" /><testcase classname=".planning.fix-all-audit-issues.test_engine" name="test_R3_Sin_Extras" time="0.001" /><testcase classname=".planning.fix-all-audit-issues.test_engine" name="test_R4_Aplica" time="0.001" /><testcase classname=".planning.fix-all-audit-issues.test_engine" name="test_R4_En_El_Tope" time="0.001" /><testcase classname=".planning.fix-all-audit-issues.test_engine" name="test_R4_No_Aplica" time="0.001" /><testcase classname=".planning.fix-all-audit-issues.test_engine" name="test_R5_Salario_Invalido" time="0.002" /><testcase classname=".planning.fix-all-audit-issues.test_engine" name="test_R5_Horas_Negativas" time="0.001" /></testsuite></testsuites>